{"name": "Run a simple test4", "status": "failed", "statusDetails": {"message": "AssertionError: Text Comparison Failed!\nExpected: 'RahulSharad Dravid'\n     but: was 'Rahul Sharad Dravid'\n\n", "trace": "  File \"d:\\vscode\\finarkpython\\venv\\lib\\site-packages\\behave\\model.py\", line 1329, in run\n    match.run(runner.context)\n  File \"d:\\vscode\\finarkpython\\venv\\lib\\site-packages\\behave\\matchers.py\", line 98, in run\n    self.func(context, *args, **kwargs)\n  File \"steps\\example.py\", line 22, in step_impl\n    context.landingpage.verify_display_name(context, data)\n  File \"D:\\VSCode\\FinARKPython\\pageobjects\\landing_page.py\", line 14, in verify_display_name\n    context.driver.verify_text_equals(\n  File \"D:\\VSCode\\FinARKPython\\core\\web_wrapper_functions.py\", line 70, in verify_text_equals\n    assert_that(actual_text, equal_to(expected_text), reason=\"Text Comparison Failed!\")\n  File \"d:\\vscode\\finarkpython\\venv\\lib\\site-packages\\hamcrest\\core\\assert_that.py\", line 58, in assert_that\n    _assert_match(actual=actual, matcher=matcher, reason=reason)\n  File \"d:\\vscode\\finarkpython\\venv\\lib\\site-packages\\hamcrest\\core\\assert_that.py\", line 73, in _assert_match\n    raise AssertionError(description)\n"}, "steps": [{"name": "Given user navigates to the site", "status": "passed", "start": 1632471326495, "stop": 1632471326675}, {"name": "When user enters \"Rahul Dravid\" in the search box", "status": "passed", "start": 1632471326675, "stop": 1632471326719}, {"name": "And user clicks on the search button", "status": "passed", "start": 1632471326719, "stop": 1632471328726}, {"name": "Then user validates \"RahulSharad Dravid\" on landing page", "status": "failed", "statusDetails": {"message": "AssertionError: Text Comparison Failed!\nExpected: 'RahulSharad Dravid'\n     but: was 'Rahul Sharad Dravid'\n\n", "trace": "  File \"d:\\vscode\\finarkpython\\venv\\lib\\site-packages\\behave\\model.py\", line 1329, in run\n    match.run(runner.context)\n  File \"d:\\vscode\\finarkpython\\venv\\lib\\site-packages\\behave\\matchers.py\", line 98, in run\n    self.func(context, *args, **kwargs)\n  File \"steps\\example.py\", line 22, in step_impl\n    context.landingpage.verify_display_name(context, data)\n  File \"D:\\VSCode\\FinARKPython\\pageobjects\\landing_page.py\", line 14, in verify_display_name\n    context.driver.verify_text_equals(\n  File \"D:\\VSCode\\FinARKPython\\core\\web_wrapper_functions.py\", line 70, in verify_text_equals\n    assert_that(actual_text, equal_to(expected_text), reason=\"Text Comparison Failed!\")\n  File \"d:\\vscode\\finarkpython\\venv\\lib\\site-packages\\hamcrest\\core\\assert_that.py\", line 58, in assert_that\n    _assert_match(actual=actual, matcher=matcher, reason=reason)\n  File \"d:\\vscode\\finarkpython\\venv\\lib\\site-packages\\hamcrest\\core\\assert_that.py\", line 73, in _assert_match\n    raise AssertionError(description)\n"}, "start": 1632471328726, "stop": 1632471328848}, {"name": "And user validates \"Rahul Dravid\" in header section", "status": "skipped", "start": 1632471328849, "stop": 1632471328849}], "start": 1632471326494, "stop": 1632471328849, "uuid": "6d0c9176-c37d-4cfa-a5cf-a0fb497f7142", "historyId": "0986031688db338f25f271944193c88b", "fullName": "Cricket2: Run a simple test4", "labels": [{"name": "severity", "value": "normal"}, {"name": "tag", "value": "four"}, {"name": "feature", "value": "Cricket2"}, {"name": "framework", "value": "behave"}, {"name": "language", "value": "cpython3"}]}