{"name": "Run a simple test1", "status": "failed", "statusDetails": {"message": "AssertionError: Text Comparison Failed!\nExpected: 'Sachin RameshTendulkar'\n     but: was 'Sachin Ramesh Tendulkar'\n\n", "trace": "  File \"d:\\vscode\\finarkpython\\venv\\lib\\site-packages\\behave\\model.py\", line 1329, in run\n    match.run(runner.context)\n  File \"d:\\vscode\\finarkpython\\venv\\lib\\site-packages\\behave\\matchers.py\", line 98, in run\n    self.func(context, *args, **kwargs)\n  File \"steps\\example.py\", line 22, in step_impl\n    context.landingpage.verify_display_name(context, data)\n  File \"D:\\VSCode\\FinARKPython\\pageobjects\\landing_page.py\", line 14, in verify_display_name\n    context.driver.verify_text_equals(\n  File \"D:\\VSCode\\FinARKPython\\core\\web_wrapper_functions.py\", line 70, in verify_text_equals\n    assert_that(actual_text, equal_to(expected_text), reason=\"Text Comparison Failed!\")\n  File \"d:\\vscode\\finarkpython\\venv\\lib\\site-packages\\hamcrest\\core\\assert_that.py\", line 58, in assert_that\n    _assert_match(actual=actual, matcher=matcher, reason=reason)\n  File \"d:\\vscode\\finarkpython\\venv\\lib\\site-packages\\hamcrest\\core\\assert_that.py\", line 73, in _assert_match\n    raise AssertionError(description)\n"}, "steps": [{"name": "Given user navigates to the site", "status": "passed", "start": 1632471316822, "stop": 1632471319464}, {"name": "When user enters \"Sachin Tendulkar\" in the search box", "status": "passed", "start": 1632471319464, "stop": 1632471319516}, {"name": "And user clicks on the search button", "status": "passed", "start": 1632471319516, "stop": 1632471321868}, {"name": "Then user validates \"Sachin RameshTendulkar\" on landing page", "status": "failed", "statusDetails": {"message": "AssertionError: Text Comparison Failed!\nExpected: 'Sachin RameshTendulkar'\n     but: was 'Sachin Ramesh Tendulkar'\n\n", "trace": "  File \"d:\\vscode\\finarkpython\\venv\\lib\\site-packages\\behave\\model.py\", line 1329, in run\n    match.run(runner.context)\n  File \"d:\\vscode\\finarkpython\\venv\\lib\\site-packages\\behave\\matchers.py\", line 98, in run\n    self.func(context, *args, **kwargs)\n  File \"steps\\example.py\", line 22, in step_impl\n    context.landingpage.verify_display_name(context, data)\n  File \"D:\\VSCode\\FinARKPython\\pageobjects\\landing_page.py\", line 14, in verify_display_name\n    context.driver.verify_text_equals(\n  File \"D:\\VSCode\\FinARKPython\\core\\web_wrapper_functions.py\", line 70, in verify_text_equals\n    assert_that(actual_text, equal_to(expected_text), reason=\"Text Comparison Failed!\")\n  File \"d:\\vscode\\finarkpython\\venv\\lib\\site-packages\\hamcrest\\core\\assert_that.py\", line 58, in assert_that\n    _assert_match(actual=actual, matcher=matcher, reason=reason)\n  File \"d:\\vscode\\finarkpython\\venv\\lib\\site-packages\\hamcrest\\core\\assert_that.py\", line 73, in _assert_match\n    raise AssertionError(description)\n"}, "start": 1632471321868, "stop": 1632471322133}, {"name": "And user validates \"Sachin Tendulkar\" in header section", "status": "skipped", "start": 1632471322135, "stop": 1632471322135}], "start": 1632471316818, "stop": 1632471322135, "uuid": "715d284c-ebe6-4585-a5ef-e644861cf30c", "historyId": "170f0442c5616e222738e18b8d7d86b4", "fullName": "Cricket1: Run a simple test1", "labels": [{"name": "severity", "value": "normal"}, {"name": "tag", "value": "one"}, {"name": "feature", "value": "Cricket1"}, {"name": "framework", "value": "behave"}, {"name": "language", "value": "cpython3"}]}